<testsuites id="" name="" tests="3" failures="0" skipped="3" errors="0" time="0.009764999999999985">
<testsuite name="smoke.spec.ts" timestamp="2025-12-06T22:39:50.652Z" hostname="chromium" tests="3" failures="0" skipped="3" time="0" errors="0">
<testcase name="VarsityHub Smoke Tests › should load the app without console errors" classname="smoke.spec.ts" time="0">
<skipped>
</skipped>
</testcase>
<testcase name="VarsityHub Smoke Tests › should navigate through feed and highlights" classname="smoke.spec.ts" time="0">
<skipped>
</skipped>
</testcase>
<testcase name="VarsityHub Smoke Tests › should handle errors gracefully and show error messages" classname="smoke.spec.ts" time="0">
<skipped>
</skipped>
</testcase>
</testsuite>
</testsuites>